<?xml version="1.0" encoding="UTF-8"?>
<!-- Generated by org.testng.reporters.JUnitXMLReporter -->
<testsuite hostname="qkh-PC" name="Default test" tests="17" failures="0" timestamp="3 Nov 2020 07:02:17 GMT" time="4849.846" errors="0">
  <testcase name="inputexcel" time="0.0" classname="com.haoyun.automationtesting.framework.AutoCase_SinglePackage">
    <skipped/>
  </testcase> <!-- inputexcel -->
  <testcase name="YBdemo" time="21.007" classname="com.haoyun.automationtesting.interfaces.YBdevices.ybdevice.YBRun_old"/>
  <testcase name="runtest" time="23.728" classname="com.haoyun.automationtesting.interfaces.MDdevices.MDDeviceRunCall"/>
  <testcase name="run" time="22.011" classname="com.haoyun.automationtesting.test.aadomain.RunSelectCase_thread2"/>
  <testcase name="zhu" time="3.111" classname="com.haoyun.automationtesting.test.aadomain.CodeToCase"/>
  <testcase name="zhu" time="5.173" classname="com.haoyun.automationtesting.test.aadomain.MainDebug"/>
  <testcase name="run" time="1301.786" classname="com.haoyun.automationtesting.test.aadomain.RunAllCase"/>
  <testcase name="run" time="3288.513" classname="com.haoyun.automationtesting.framework.AutoJSCode"/>
  <testcase name="run" time="21.016" classname="com.haoyun.automationtesting.interfaces.YBdevices.ybdevice.YBDeviceRun"/>
  <testcase name="MainAutoCase" time="2.947" classname="com.haoyun.automationtesting.framework.AutoCase"/>
  <testcase name="run" time="100.069" classname="com.haoyun.automationtesting.test.aadomain.RunSelectCase"/>
  <testcase name="run" time="4.36" classname="com.haoyun.automationtesting.framework.AutoSeleniumIDECode"/>
  <testcase name="Run" time="0.003" classname="com.haoyun.automationtesting.framework.AutoCode"/>
  <testcase name="testFavFTPUtil" time="21.097" classname="com.haoyun.automationtesting.framework.RemoteFTP"/>
  <testcase name="test on com.haoyun.automationtesting.framework.showMessageFrame[frame0,0,0,0x0,invalid,hidden,layout=java.awt.BorderLayout,title=,resizable,normal,defaultCloseOperation=HIDE_ON_CLOSE,rootPane=javax.swing.JRootPane[,0,0,0x0,invalid,layout=javax.swing.JRootPane$RootLayout,alignmentX=0.0,alignmentY=0.0,border=,flags=16777673,maximumSize=,minimumSize=,preferredSize=],rootPaneCheckingEnabled=true]" time="1.294" classname="com.haoyun.automationtesting.framework.showMessageFrame"/>
  <testcase name="runtest" time="21.011" classname="com.haoyun.automationtesting.interfaces.YBdevices.ybdevice.YBDeviceRunCall"/>
  <testcase name="main" time="0.141" classname="com.haoyun.automationtesting.test.aadomain.MainStart"/>
</testsuite> <!-- Default test -->
